----------|---------|----------|---------|---------|-------------------
File      | % Stmts | % Branch | % Funcs | % Lines | Uncovered Line #s 
----------|---------|----------|---------|---------|-------------------
All files |     100 |    57.14 |     100 |     100 |                   
 index.js |     100 |       55 |     100 |     100 | 20,68-74,85-91    
 util.js  |     100 |      100 |     100 |     100 |                   
----------|---------|----------|---------|---------|-------------------
