----------|---------|----------|---------|---------|-------------------
File      | % Stmts | % Branch | % Funcs | % Lines | Uncovered Line #s 
----------|---------|----------|---------|---------|-------------------
All files |     100 |      100 |     100 |     100 |                   
 index.js |     100 |      100 |     100 |     100 |                   
 util.js  |     100 |      100 |     100 |     100 |                   
----------|---------|----------|---------|---------|-------------------
